src/frontend/evaluator_flutter/build/app/intermediates/manifest_merge_blame_file/debug/processDebugMainManifest/manifest-merger-blame-debug-report.txt
1<?xml version="1.0" encoding="utf-8"?>
2<manifest xmlns:android="http://schemas.android.com/apk/res/android"
3    package="com.example.evaluator_flutter"
4    android:versionCode="1"
5    android:versionName="0.0.1" >
6
7    <uses-sdk
8        android:minSdkVersion="21"
9        android:targetSdkVersion="35" />
10    <!--
11         The INTERNET permission is required for development. Specifically,
12         the Flutter tool needs it to communicate with the running application
13         to allow setting breakpoints, to provide hot reload, etc.
14    -->
15    <uses-permission android:name="android.permission.INTERNET" />
15-->src\main\AndroidManifest.xml:2:5-67
15-->src\main\AndroidManifest.xml:2:22-64
16    <!--
17     Required to query activities that can process text, see:
18         https://developer.android.com/training/package-visibility and
19         https://developer.android.com/reference/android/content/Intent#ACTION_PROCESS_TEXT.
20
21         In particular, this is used by the Flutter engine in io.flutter.plugin.text.ProcessTextPlugin.
22    -->
23    <queries>
23-->src\main\AndroidManifest.xml:40:5-45:15
24        <intent>
24-->src\main\AndroidManifest.xml:41:9-44:18
25            <action android:name="android.intent.action.PROCESS_TEXT" />
25-->src\main\AndroidManifest.xml:42:13-72
25-->src\main\AndroidManifest.xml:42:21-70
26
27            <data android:mimeType="text/plain" />
27-->src\main\AndroidManifest.xml:43:13-50
27-->src\main\AndroidManifest.xml:43:19-48
28        </intent>
29    </queries>
30
31    <uses-feature android:name="android.hardware.camera.any" />
31-->[:camera_android_camerax] AndroidManifest.xml:7:5-64
31-->[:camera_android_camerax] AndroidManifest.xml:7:19-61
32
33    <uses-permission android:name="android.permission.CAMERA" />
33-->[:camera_android_camerax] AndroidManifest.xml:9:5-65
33-->[:camera_android_camerax] AndroidManifest.xml:9:22-62
34    <uses-permission android:name="android.permission.RECORD_AUDIO" />
34-->[:camera_android_camerax] AndroidManifest.xml:10:5-71
34-->[:camera_android_camerax] AndroidManifest.xml:10:22-68
35    <uses-permission
35-->[:camera_android_camerax] AndroidManifest.xml:11:5-13:38
36        android:name="android.permission.WRITE_EXTERNAL_STORAGE"
36-->[:camera_android_camerax] AndroidManifest.xml:12:9-65
37        android:maxSdkVersion="28" />
37-->[:camera_android_camerax] AndroidManifest.xml:13:9-35
38    <uses-permission android:name="android.permission.READ_EXTERNAL_STORAGE" />
39    <uses-permission android:name="android.permission.ACCESS_NETWORK_STATE" />
39-->[androidx.media3:media3-common:1.4.1] AndroidManifest.xml:22:5-79
39-->[androidx.media3:media3-common:1.4.1] AndroidManifest.xml:22:22-76
40
41    <permission
41-->[androidx.core:core:1.13.1] AndroidManifest.xml:22:5-24:47
42        android:name="com.example.evaluator_flutter.DYNAMIC_RECEIVER_NOT_EXPORTED_PERMISSION"
42-->[androidx.core:core:1.13.1] AndroidManifest.xml:23:9-81
43        android:protectionLevel="signature" />
43-->[androidx.core:core:1.13.1] AndroidManifest.xml:24:9-44
44
45    <uses-permission android:name="com.example.evaluator_flutter.DYNAMIC_RECEIVER_NOT_EXPORTED_PERMISSION" />
45-->[androidx.core:core:1.13.1] AndroidManifest.xml:26:5-97
45-->[androidx.core:core:1.13.1] AndroidManifest.xml:26:22-94
46
47    <application
48        android:name="android.app.Application"
49        android:appComponentFactory="androidx.core.app.CoreComponentFactory"
49-->[androidx.core:core:1.13.1] AndroidManifest.xml:28:18-86
50        android:debuggable="true"
51        android:extractNativeLibs="true"
52        android:icon="@mipmap/ic_launcher"
53        android:label="evaluator_flutter" >
54        <activity
55            android:name="com.example.evaluator_flutter.MainActivity"
56            android:configChanges="orientation|keyboardHidden|keyboard|screenSize|smallestScreenSize|locale|layoutDirection|fontScale|screenLayout|density|uiMode"
57            android:exported="true"
58            android:hardwareAccelerated="true"
59            android:launchMode="singleTop"
60            android:taskAffinity=""
61            android:theme="@style/LaunchTheme"
62            android:windowSoftInputMode="adjustResize" >
63
64            <!--
65                 Specifies an Android theme to apply to this Activity as soon as
66                 the Android process has started. This theme is visible to the user
67                 while the Flutter UI initializes. After that, this theme continues
68                 to determine the Window background behind the Flutter UI.
69            -->
70            <meta-data
71                android:name="io.flutter.embedding.android.NormalTheme"
72                android:resource="@style/NormalTheme" />
73
74            <intent-filter>
75                <action android:name="android.intent.action.MAIN" />
76
77                <category android:name="android.intent.category.LAUNCHER" />
78            </intent-filter>
79        </activity>
80        <!--
81             Don't delete the meta-data below.
82             This is used by the Flutter tool to generate GeneratedPluginRegistrant.java
83        -->
84        <meta-data
85            android:name="flutterEmbedding"
86            android:value="2" />
87
88        <service
88-->[androidx.camera:camera-camera2:1.4.1] AndroidManifest.xml:24:9-33:19
89            android:name="androidx.camera.core.impl.MetadataHolderService"
89-->[androidx.camera:camera-camera2:1.4.1] AndroidManifest.xml:25:13-75
90            android:enabled="false"
90-->[androidx.camera:camera-camera2:1.4.1] AndroidManifest.xml:26:13-36
91            android:exported="false" >
91-->[androidx.camera:camera-camera2:1.4.1] AndroidManifest.xml:27:13-37
92            <meta-data
92-->[androidx.camera:camera-camera2:1.4.1] AndroidManifest.xml:30:13-32:89
93                android:name="androidx.camera.core.impl.MetadataHolderService.DEFAULT_CONFIG_PROVIDER"
93-->[androidx.camera:camera-camera2:1.4.1] AndroidManifest.xml:31:17-103
94                android:value="androidx.camera.camera2.Camera2Config$DefaultProvider" />
94-->[androidx.camera:camera-camera2:1.4.1] AndroidManifest.xml:32:17-86
95        </service>
96
97        <provider
97-->[:image_picker_android] AndroidManifest.xml:9:9-17:20
98            android:name="io.flutter.plugins.imagepicker.ImagePickerFileProvider"
98-->[:image_picker_android] AndroidManifest.xml:10:13-82
99            android:authorities="com.example.evaluator_flutter.flutter.image_provider"
99-->[:image_picker_android] AndroidManifest.xml:11:13-74
100            android:exported="false"
100-->[:image_picker_android] AndroidManifest.xml:12:13-37
101            android:grantUriPermissions="true" >
101-->[:image_picker_android] AndroidManifest.xml:13:13-47
102            <meta-data
102-->[:image_picker_android] AndroidManifest.xml:14:13-16:75
103                android:name="android.support.FILE_PROVIDER_PATHS"
103-->[:image_picker_android] AndroidManifest.xml:15:17-67
104                android:resource="@xml/flutter_image_picker_file_paths" />
104-->[:image_picker_android] AndroidManifest.xml:16:17-72
105        </provider> <!-- Trigger Google Play services to install the backported photo picker module. -->
106        <service
106-->[:image_picker_android] AndroidManifest.xml:19:9-31:19
107            android:name="com.google.android.gms.metadata.ModuleDependencies"
107-->[:image_picker_android] AndroidManifest.xml:20:13-78
108            android:enabled="false"
108-->[:image_picker_android] AndroidManifest.xml:21:13-36
109            android:exported="false" >
109-->[:image_picker_android] AndroidManifest.xml:22:13-37
110            <intent-filter>
110-->[:image_picker_android] AndroidManifest.xml:24:13-26:29
111                <action android:name="com.google.android.gms.metadata.MODULE_DEPENDENCIES" />
111-->[:image_picker_android] AndroidManifest.xml:25:17-94
111-->[:image_picker_android] AndroidManifest.xml:25:25-91
112            </intent-filter>
113
114            <meta-data
114-->[:image_picker_android] AndroidManifest.xml:28:13-30:36
115                android:name="photopicker_activity:0:required"
115-->[:image_picker_android] AndroidManifest.xml:29:17-63
116                android:value="" />
116-->[:image_picker_android] AndroidManifest.xml:30:17-33
117        </service>
118
119        <uses-library
119-->[androidx.window:window:1.2.0] AndroidManifest.xml:23:9-25:40
120            android:name="androidx.window.extensions"
120-->[androidx.window:window:1.2.0] AndroidManifest.xml:24:13-54
121            android:required="false" />
121-->[androidx.window:window:1.2.0] AndroidManifest.xml:25:13-37
122        <uses-library
122-->[androidx.window:window:1.2.0] AndroidManifest.xml:26:9-28:40
123            android:name="androidx.window.sidecar"
123-->[androidx.window:window:1.2.0] AndroidManifest.xml:27:13-51
124            android:required="false" />
124-->[androidx.window:window:1.2.0] AndroidManifest.xml:28:13-37
125
126        <provider
126-->[androidx.lifecycle:lifecycle-process:2.7.0] AndroidManifest.xml:24:9-32:20
127            android:name="androidx.startup.InitializationProvider"
127-->[androidx.lifecycle:lifecycle-process:2.7.0] AndroidManifest.xml:25:13-67
128            android:authorities="com.example.evaluator_flutter.androidx-startup"
128-->[androidx.lifecycle:lifecycle-process:2.7.0] AndroidManifest.xml:26:13-68
129            android:exported="false" >
129-->[androidx.lifecycle:lifecycle-process:2.7.0] AndroidManifest.xml:27:13-37
130            <meta-data
130-->[androidx.lifecycle:lifecycle-process:2.7.0] AndroidManifest.xml:29:13-31:52
131                android:name="androidx.lifecycle.ProcessLifecycleInitializer"
131-->[androidx.lifecycle:lifecycle-process:2.7.0] AndroidManifest.xml:30:17-78
132                android:value="androidx.startup" />
132-->[androidx.lifecycle:lifecycle-process:2.7.0] AndroidManifest.xml:31:17-49
133            <meta-data
133-->[androidx.profileinstaller:profileinstaller:1.3.1] AndroidManifest.xml:29:13-31:52
134                android:name="androidx.profileinstaller.ProfileInstallerInitializer"
134-->[androidx.profileinstaller:profileinstaller:1.3.1] AndroidManifest.xml:30:17-85
135                android:value="androidx.startup" />
135-->[androidx.profileinstaller:profileinstaller:1.3.1] AndroidManifest.xml:31:17-49
136        </provider>
137
138        <receiver
138-->[androidx.profileinstaller:profileinstaller:1.3.1] AndroidManifest.xml:34:9-52:20
139            android:name="androidx.profileinstaller.ProfileInstallReceiver"
139-->[androidx.profileinstaller:profileinstaller:1.3.1] AndroidManifest.xml:35:13-76
140            android:directBootAware="false"
140-->[androidx.profileinstaller:profileinstaller:1.3.1] AndroidManifest.xml:36:13-44
141            android:enabled="true"
141-->[androidx.profileinstaller:profileinstaller:1.3.1] AndroidManifest.xml:37:13-35
142            android:exported="true"
142-->[androidx.profileinstaller:profileinstaller:1.3.1] AndroidManifest.xml:38:13-36
143            android:permission="android.permission.DUMP" >
143-->[androidx.profileinstaller:profileinstaller:1.3.1] AndroidManifest.xml:39:13-57
144            <intent-filter>
144-->[androidx.profileinstaller:profileinstaller:1.3.1] AndroidManifest.xml:40:13-42:29
145                <action android:name="androidx.profileinstaller.action.INSTALL_PROFILE" />
145-->[androidx.profileinstaller:profileinstaller:1.3.1] AndroidManifest.xml:41:17-91
145-->[androidx.profileinstaller:profileinstaller:1.3.1] AndroidManifest.xml:41:25-88
146            </intent-filter>
147            <intent-filter>
147-->[androidx.profileinstaller:profileinstaller:1.3.1] AndroidManifest.xml:43:13-45:29
148                <action android:name="androidx.profileinstaller.action.SKIP_FILE" />
148-->[androidx.profileinstaller:profileinstaller:1.3.1] AndroidManifest.xml:44:17-85
148-->[androidx.profileinstaller:profileinstaller:1.3.1] AndroidManifest.xml:44:25-82
149            </intent-filter>
150            <intent-filter>
150-->[androidx.profileinstaller:profileinstaller:1.3.1] AndroidManifest.xml:46:13-48:29
151                <action android:name="androidx.profileinstaller.action.SAVE_PROFILE" />
151-->[androidx.profileinstaller:profileinstaller:1.3.1] AndroidManifest.xml:47:17-88
151-->[androidx.profileinstaller:profileinstaller:1.3.1] AndroidManifest.xml:47:25-85
152            </intent-filter>
153            <intent-filter>
153-->[androidx.profileinstaller:profileinstaller:1.3.1] AndroidManifest.xml:49:13-51:29
154                <action android:name="androidx.profileinstaller.action.BENCHMARK_OPERATION" />
154-->[androidx.profileinstaller:profileinstaller:1.3.1] AndroidManifest.xml:50:17-95
154-->[androidx.profileinstaller:profileinstaller:1.3.1] AndroidManifest.xml:50:25-92
155            </intent-filter>
156        </receiver>
157    </application>
158
159</manifest>